Traceback (most recent call last):
  File "/opt/hostedtoolcache/Python/3.11.4/x64/lib/python3.11/site-packages/jupyter_cache/executors/utils.py", line 58, in single_nb_execution
    executenb(
  File "/opt/hostedtoolcache/Python/3.11.4/x64/lib/python3.11/site-packages/nbclient/client.py", line 1305, in execute
    return NotebookClient(nb=nb, resources=resources, km=km, **kwargs).execute()
           ^^^^^^^^^^^^^^^^^^^^^^^^^^^^^^^^^^^^^^^^^^^^^^^^^^^^^^^^^^^^^^^^^^^^^
  File "/opt/hostedtoolcache/Python/3.11.4/x64/lib/python3.11/site-packages/jupyter_core/utils/__init__.py", line 166, in wrapped
    return loop.run_until_complete(inner)
           ^^^^^^^^^^^^^^^^^^^^^^^^^^^^^^
  File "/opt/hostedtoolcache/Python/3.11.4/x64/lib/python3.11/asyncio/base_events.py", line 653, in run_until_complete
    return future.result()
           ^^^^^^^^^^^^^^^
  File "/opt/hostedtoolcache/Python/3.11.4/x64/lib/python3.11/site-packages/nbclient/client.py", line 705, in async_execute
    await self.async_execute_cell(
  File "/opt/hostedtoolcache/Python/3.11.4/x64/lib/python3.11/site-packages/nbclient/client.py", line 1058, in async_execute_cell
    await self._check_raise_for_error(cell, cell_index, exec_reply)
  File "/opt/hostedtoolcache/Python/3.11.4/x64/lib/python3.11/site-packages/nbclient/client.py", line 914, in _check_raise_for_error
    raise CellExecutionError.from_cell_and_msg(cell, exec_reply_content)
nbclient.exceptions.CellExecutionError: An error occurred while executing the following cell:
------------------
threshold = 1300
df.query("start_year == 1988 and capacity > @threshold")
------------------


[0;31m---------------------------------------------------------------------------[0m
[0;31mValueError[0m                                Traceback (most recent call last)
Cell [0;32mIn[40], line 2[0m
[1;32m      1[0m threshold [38;5;241m=[39m [38;5;241m1300[39m
[0;32m----> 2[0m [43mdf[49m[38;5;241;43m.[39;49m[43mquery[49m[43m([49m[38;5;124;43m"[39;49m[38;5;124;43mstart_year == 1988 and capacity > @threshold[39;49m[38;5;124;43m"[39;49m[43m)[49m

File [0;32m/opt/hostedtoolcache/Python/3.11.4/x64/lib/python3.11/site-packages/pandas/core/frame.py:4440[0m, in [0;36mDataFrame.query[0;34m(self, expr, inplace, **kwargs)[0m
[1;32m   4438[0m kwargs[[38;5;124m"[39m[38;5;124mlevel[39m[38;5;124m"[39m] [38;5;241m=[39m kwargs[38;5;241m.[39mpop([38;5;124m"[39m[38;5;124mlevel[39m[38;5;124m"[39m, [38;5;241m0[39m) [38;5;241m+[39m [38;5;241m1[39m
[1;32m   4439[0m kwargs[[38;5;124m"[39m[38;5;124mtarget[39m[38;5;124m"[39m] [38;5;241m=[39m [38;5;28;01mNone[39;00m
[0;32m-> 4440[0m res [38;5;241m=[39m [38;5;28;43mself[39;49m[38;5;241;43m.[39;49m[43meval[49m[43m([49m[43mexpr[49m[43m,[49m[43m [49m[38;5;241;43m*[39;49m[38;5;241;43m*[39;49m[43mkwargs[49m[43m)[49m
[1;32m   4442[0m [38;5;28;01mtry[39;00m:
[1;32m   4443[0m     result [38;5;241m=[39m [38;5;28mself[39m[38;5;241m.[39mloc[res]

File [0;32m/opt/hostedtoolcache/Python/3.11.4/x64/lib/python3.11/site-packages/pandas/core/frame.py:4566[0m, in [0;36mDataFrame.eval[0;34m(self, expr, inplace, **kwargs)[0m
[1;32m   4563[0m     kwargs[[38;5;124m"[39m[38;5;124mtarget[39m[38;5;124m"[39m] [38;5;241m=[39m [38;5;28mself[39m
[1;32m   4564[0m kwargs[[38;5;124m"[39m[38;5;124mresolvers[39m[38;5;124m"[39m] [38;5;241m=[39m [38;5;28mtuple[39m(kwargs[38;5;241m.[39mget([38;5;124m"[39m[38;5;124mresolvers[39m[38;5;124m"[39m, ())) [38;5;241m+[39m resolvers
[0;32m-> 4566[0m [38;5;28;01mreturn[39;00m [43m_eval[49m[43m([49m[43mexpr[49m[43m,[49m[43m [49m[43minplace[49m[38;5;241;43m=[39;49m[43minplace[49m[43m,[49m[43m [49m[38;5;241;43m*[39;49m[38;5;241;43m*[39;49m[43mkwargs[49m[43m)[49m

File [0;32m/opt/hostedtoolcache/Python/3.11.4/x64/lib/python3.11/site-packages/pandas/core/computation/eval.py:357[0m, in [0;36meval[0;34m(expr, parser, engine, local_dict, global_dict, resolvers, level, target, inplace)[0m
[1;32m    355[0m eng [38;5;241m=[39m ENGINES[engine]
[1;32m    356[0m eng_inst [38;5;241m=[39m eng(parsed_expr)
[0;32m--> 357[0m ret [38;5;241m=[39m [43meng_inst[49m[38;5;241;43m.[39;49m[43mevaluate[49m[43m([49m[43m)[49m
[1;32m    359[0m [38;5;28;01mif[39;00m parsed_expr[38;5;241m.[39massigner [38;5;129;01mis[39;00m [38;5;28;01mNone[39;00m:
[1;32m    360[0m     [38;5;28;01mif[39;00m multi_line:

File [0;32m/opt/hostedtoolcache/Python/3.11.4/x64/lib/python3.11/site-packages/pandas/core/computation/engines.py:81[0m, in [0;36mAbstractEngine.evaluate[0;34m(self)[0m
[1;32m     78[0m     [38;5;28mself[39m[38;5;241m.[39mresult_type, [38;5;28mself[39m[38;5;241m.[39maligned_axes [38;5;241m=[39m align_terms([38;5;28mself[39m[38;5;241m.[39mexpr[38;5;241m.[39mterms)
[1;32m     80[0m [38;5;66;03m# make sure no names in resolvers and locals/globals clash[39;00m
[0;32m---> 81[0m res [38;5;241m=[39m [38;5;28;43mself[39;49m[38;5;241;43m.[39;49m[43m_evaluate[49m[43m([49m[43m)[49m
[1;32m     82[0m [38;5;28;01mreturn[39;00m reconstruct_object(
[1;32m     83[0m     [38;5;28mself[39m[38;5;241m.[39mresult_type, res, [38;5;28mself[39m[38;5;241m.[39maligned_axes, [38;5;28mself[39m[38;5;241m.[39mexpr[38;5;241m.[39mterms[38;5;241m.[39mreturn_type
[1;32m     84[0m )

File [0;32m/opt/hostedtoolcache/Python/3.11.4/x64/lib/python3.11/site-packages/pandas/core/computation/engines.py:121[0m, in [0;36mNumExprEngine._evaluate[0;34m(self)[0m
[1;32m    119[0m scope [38;5;241m=[39m env[38;5;241m.[39mfull_scope
[1;32m    120[0m _check_ne_builtin_clash([38;5;28mself[39m[38;5;241m.[39mexpr)
[0;32m--> 121[0m [38;5;28;01mreturn[39;00m [43mne[49m[38;5;241;43m.[39;49m[43mevaluate[49m[43m([49m[43ms[49m[43m,[49m[43m [49m[43mlocal_dict[49m[38;5;241;43m=[39;49m[43mscope[49m[43m)[49m

File [0;32m/opt/hostedtoolcache/Python/3.11.4/x64/lib/python3.11/site-packages/numexpr/necompiler.py:943[0m, in [0;36mevaluate[0;34m(ex, local_dict, global_dict, out, order, casting, _frame_depth, **kwargs)[0m
[1;32m    941[0m     [38;5;28;01mreturn[39;00m re_evaluate(local_dict[38;5;241m=[39mlocal_dict, _frame_depth[38;5;241m=[39m_frame_depth)
[1;32m    942[0m [38;5;28;01melse[39;00m:
[0;32m--> 943[0m     [38;5;28;01mraise[39;00m e

File [0;32m/opt/hostedtoolcache/Python/3.11.4/x64/lib/python3.11/site-packages/numexpr/necompiler.py:851[0m, in [0;36mvalidate[0;34m(ex, local_dict, global_dict, out, order, casting, _frame_depth, **kwargs)[0m
[1;32m    849[0m expr_key [38;5;241m=[39m (ex, [38;5;28mtuple[39m([38;5;28msorted[39m(context[38;5;241m.[39mitems())))
[1;32m    850[0m [38;5;28;01mif[39;00m expr_key [38;5;129;01mnot[39;00m [38;5;129;01min[39;00m _names_cache:
[0;32m--> 851[0m     _names_cache[expr_key] [38;5;241m=[39m [43mgetExprNames[49m[43m([49m[43mex[49m[43m,[49m[43m [49m[43mcontext[49m[43m)[49m
[1;32m    852[0m names, ex_uses_vml [38;5;241m=[39m _names_cache[expr_key]
[1;32m    853[0m arguments [38;5;241m=[39m getArguments(names, local_dict, global_dict, _frame_depth[38;5;241m=[39m_frame_depth)

File [0;32m/opt/hostedtoolcache/Python/3.11.4/x64/lib/python3.11/site-packages/numexpr/necompiler.py:714[0m, in [0;36mgetExprNames[0;34m(text, context)[0m
[1;32m    713[0m [38;5;28;01mdef[39;00m [38;5;21mgetExprNames[39m(text, context):
[0;32m--> 714[0m     ex [38;5;241m=[39m [43mstringToExpression[49m[43m([49m[43mtext[49m[43m,[49m[43m [49m[43m{[49m[43m}[49m[43m,[49m[43m [49m[43mcontext[49m[43m)[49m
[1;32m    715[0m     ast [38;5;241m=[39m expressionToAST(ex)
[1;32m    716[0m     input_order [38;5;241m=[39m getInputOrder(ast, [38;5;28;01mNone[39;00m)

File [0;32m/opt/hostedtoolcache/Python/3.11.4/x64/lib/python3.11/site-packages/numexpr/necompiler.py:274[0m, in [0;36mstringToExpression[0;34m(s, types, context)[0m
[1;32m    272[0m no_whitespace [38;5;241m=[39m re[38;5;241m.[39msub([38;5;124mr[39m[38;5;124m'[39m[38;5;124m\[39m[38;5;124ms+[39m[38;5;124m'[39m, [38;5;124m'[39m[38;5;124m'[39m, s)
[1;32m    273[0m [38;5;28;01mif[39;00m _forbidden_re[38;5;241m.[39msearch(no_whitespace) [38;5;129;01mis[39;00m [38;5;129;01mnot[39;00m [38;5;28;01mNone[39;00m:
[0;32m--> 274[0m     [38;5;28;01mraise[39;00m [38;5;167;01mValueError[39;00m([38;5;124mf[39m[38;5;124m'[39m[38;5;124mExpression [39m[38;5;132;01m{[39;00ms[38;5;132;01m}[39;00m[38;5;124m has forbidden control characters.[39m[38;5;124m'[39m)
[1;32m    276[0m old_ctx [38;5;241m=[39m expressions[38;5;241m.[39m_context[38;5;241m.[39mget_current_context()
[1;32m    277[0m [38;5;28;01mtry[39;00m:

[0;31mValueError[0m: Expression ((start_year) == (1988)) & ((capacity) > (__pd_eval_local_threshold)) has forbidden control characters.

