Traceback (most recent call last):
  File "/opt/hostedtoolcache/Python/3.11.10/x64/lib/python3.11/site-packages/jupyter_cache/executors/utils.py", line 58, in single_nb_execution
    executenb(
  File "/opt/hostedtoolcache/Python/3.11.10/x64/lib/python3.11/site-packages/nbclient/client.py", line 1314, in execute
    return NotebookClient(nb=nb, resources=resources, km=km, **kwargs).execute()
           ^^^^^^^^^^^^^^^^^^^^^^^^^^^^^^^^^^^^^^^^^^^^^^^^^^^^^^^^^^^^^^^^^^^^^
  File "/opt/hostedtoolcache/Python/3.11.10/x64/lib/python3.11/site-packages/jupyter_core/utils/__init__.py", line 165, in wrapped
    return loop.run_until_complete(inner)
           ^^^^^^^^^^^^^^^^^^^^^^^^^^^^^^
  File "/opt/hostedtoolcache/Python/3.11.10/x64/lib/python3.11/asyncio/base_events.py", line 654, in run_until_complete
    return future.result()
           ^^^^^^^^^^^^^^^
  File "/opt/hostedtoolcache/Python/3.11.10/x64/lib/python3.11/site-packages/nbclient/client.py", line 709, in async_execute
    await self.async_execute_cell(
  File "/opt/hostedtoolcache/Python/3.11.10/x64/lib/python3.11/site-packages/nbclient/client.py", line 1062, in async_execute_cell
    await self._check_raise_for_error(cell, cell_index, exec_reply)
  File "/opt/hostedtoolcache/Python/3.11.10/x64/lib/python3.11/site-packages/nbclient/client.py", line 918, in _check_raise_for_error
    raise CellExecutionError.from_cell_and_msg(cell, exec_reply_content)
nbclient.exceptions.CellExecutionError: An error occurred while executing the following cell:
------------------
cutout.prepare(compression=None)
------------------


[0;31m---------------------------------------------------------------------------[0m
[0;31mException[0m                                 Traceback (most recent call last)
Cell [0;32mIn[11], line 1[0m
[0;32m----> 1[0m [43mcutout[49m[38;5;241;43m.[39;49m[43mprepare[49m[43m([49m[43mcompression[49m[38;5;241;43m=[39;49m[38;5;28;43;01mNone[39;49;00m[43m)[49m

File [0;32m/opt/hostedtoolcache/Python/3.11.10/x64/lib/python3.11/site-packages/atlite/data.py:116[0m, in [0;36mmaybe_remove_tmpdir.<locals>.wrapper[0;34m(*args, **kwargs)[0m
[1;32m    114[0m kwargs[[38;5;124m"[39m[38;5;124mtmpdir[39m[38;5;124m"[39m] [38;5;241m=[39m mkdtemp()
[1;32m    115[0m [38;5;28;01mtry[39;00m:
[0;32m--> 116[0m     res [38;5;241m=[39m [43mfunc[49m[43m([49m[38;5;241;43m*[39;49m[43margs[49m[43m,[49m[43m [49m[38;5;241;43m*[39;49m[38;5;241;43m*[39;49m[43mkwargs[49m[43m)[49m
[1;32m    117[0m [38;5;28;01mfinally[39;00m:
[1;32m    118[0m     rmtree(kwargs[[38;5;124m"[39m[38;5;124mtmpdir[39m[38;5;124m"[39m])

File [0;32m/opt/hostedtoolcache/Python/3.11.10/x64/lib/python3.11/site-packages/atlite/data.py:208[0m, in [0;36mcutout_prepare[0;34m(cutout, features, tmpdir, overwrite, compression, show_progress, dask_kwargs, monthly_requests, concurrent_requests)[0m
[1;32m    206[0m logger[38;5;241m.[39minfo([38;5;124mf[39m[38;5;124m"[39m[38;5;124mCalculating and writing with module [39m[38;5;132;01m{[39;00mmodule[38;5;132;01m}[39;00m[38;5;124m:[39m[38;5;124m"[39m)
[1;32m    207[0m missing_features [38;5;241m=[39m missing_vars[38;5;241m.[39mindex[38;5;241m.[39munique([38;5;124m"[39m[38;5;124mfeature[39m[38;5;124m"[39m)
[0;32m--> 208[0m ds [38;5;241m=[39m [43mget_features[49m[43m([49m
[1;32m    209[0m [43m    [49m[43mcutout[49m[43m,[49m
[1;32m    210[0m [43m    [49m[43mmodule[49m[43m,[49m
[1;32m    211[0m [43m    [49m[43mmissing_features[49m[43m,[49m
[1;32m    212[0m [43m    [49m[43mtmpdir[49m[38;5;241;43m=[39;49m[43mtmpdir[49m[43m,[49m
[1;32m    213[0m [43m    [49m[43mmonthly_requests[49m[38;5;241;43m=[39;49m[43mmonthly_requests[49m[43m,[49m
[1;32m    214[0m [43m    [49m[43mconcurrent_requests[49m[38;5;241;43m=[39;49m[43mconcurrent_requests[49m[43m,[49m
[1;32m    215[0m [43m[49m[43m)[49m
[1;32m    216[0m prepared [38;5;241m|[39m[38;5;241m=[39m [38;5;28mset[39m(missing_features)
[1;32m    218[0m cutout[38;5;241m.[39mdata[38;5;241m.[39mattrs[38;5;241m.[39mupdate([38;5;28mdict[39m(prepared_features[38;5;241m=[39m[38;5;28mlist[39m(prepared)))

File [0;32m/opt/hostedtoolcache/Python/3.11.10/x64/lib/python3.11/site-packages/atlite/data.py:59[0m, in [0;36mget_features[0;34m(cutout, module, features, tmpdir, monthly_requests, concurrent_requests)[0m
[1;32m     48[0m     feature_data [38;5;241m=[39m delayed(get_data)(
[1;32m     49[0m         cutout,
[1;32m     50[0m         feature,
[0;32m   (...)[0m
[1;32m     55[0m         [38;5;241m*[39m[38;5;241m*[39mparameters,
[1;32m     56[0m     )
[1;32m     57[0m     datasets[38;5;241m.[39mappend(feature_data)
[0;32m---> 59[0m datasets [38;5;241m=[39m [43mcompute[49m[43m([49m[38;5;241;43m*[39;49m[43mdatasets[49m[43m)[49m
[1;32m     61[0m ds [38;5;241m=[39m xr[38;5;241m.[39mmerge(datasets, compat[38;5;241m=[39m[38;5;124m"[39m[38;5;124mequals[39m[38;5;124m"[39m)
[1;32m     62[0m [38;5;28;01mfor[39;00m v [38;5;129;01min[39;00m ds:

File [0;32m/opt/hostedtoolcache/Python/3.11.10/x64/lib/python3.11/site-packages/dask/base.py:660[0m, in [0;36mcompute[0;34m(traverse, optimize_graph, scheduler, get, *args, **kwargs)[0m
[1;32m    657[0m     postcomputes[38;5;241m.[39mappend(x[38;5;241m.[39m__dask_postcompute__())
[1;32m    659[0m [38;5;28;01mwith[39;00m shorten_traceback():
[0;32m--> 660[0m     results [38;5;241m=[39m [43mschedule[49m[43m([49m[43mdsk[49m[43m,[49m[43m [49m[43mkeys[49m[43m,[49m[43m [49m[38;5;241;43m*[39;49m[38;5;241;43m*[39;49m[43mkwargs[49m[43m)[49m
[1;32m    662[0m [38;5;28;01mreturn[39;00m repack([f(r, [38;5;241m*[39ma) [38;5;28;01mfor[39;00m r, (f, a) [38;5;129;01min[39;00m [38;5;28mzip[39m(results, postcomputes)])

File [0;32m/opt/hostedtoolcache/Python/3.11.10/x64/lib/python3.11/site-packages/atlite/datasets/era5.py:468[0m, in [0;36mget_data[0;34m(cutout, feature, tmpdir, lock, monthly_requests, concurrent_requests, **creation_parameters)[0m
[1;32m    465[0m [38;5;28;01melse[39;00m:
[1;32m    466[0m     datasets [38;5;241m=[39m [38;5;28mmap[39m(retrieve_once, time_chunks)
[0;32m--> 468[0m [38;5;28;01mreturn[39;00m [43mxr[49m[38;5;241;43m.[39;49m[43mconcat[49m[43m([49m[43mdatasets[49m[43m,[49m[43m [49m[43mdim[49m[38;5;241;43m=[39;49m[38;5;124;43m"[39;49m[38;5;124;43mtime[39;49m[38;5;124;43m"[39;49m[43m)[49m[38;5;241m.[39msel(time[38;5;241m=[39mcoords[[38;5;124m"[39m[38;5;124mtime[39m[38;5;124m"[39m])

File [0;32m/opt/hostedtoolcache/Python/3.11.10/x64/lib/python3.11/site-packages/xarray/core/concat.py:254[0m, in [0;36mconcat[0;34m(objs, dim, data_vars, coords, compat, positions, fill_value, join, combine_attrs, create_index_for_new_dim)[0m
[1;32m    251[0m [38;5;28;01mfrom[39;00m [38;5;21;01mxarray[39;00m[38;5;21;01m.[39;00m[38;5;21;01mcore[39;00m[38;5;21;01m.[39;00m[38;5;21;01mdataset[39;00m [38;5;28;01mimport[39;00m Dataset
[1;32m    253[0m [38;5;28;01mtry[39;00m:
[0;32m--> 254[0m     first_obj, objs [38;5;241m=[39m [43mutils[49m[38;5;241;43m.[39;49m[43mpeek_at[49m[43m([49m[43mobjs[49m[43m)[49m
[1;32m    255[0m [38;5;28;01mexcept[39;00m [38;5;167;01mStopIteration[39;00m:
[1;32m    256[0m     [38;5;28;01mraise[39;00m [38;5;167;01mValueError[39;00m([38;5;124m"[39m[38;5;124mmust supply at least one object to concatenate[39m[38;5;124m"[39m)

File [0;32m/opt/hostedtoolcache/Python/3.11.10/x64/lib/python3.11/site-packages/xarray/core/utils.py:200[0m, in [0;36mpeek_at[0;34m(iterable)[0m
[1;32m    196[0m [38;5;250m[39m[38;5;124;03m"""Returns the first value from iterable, as well as a new iterator with[39;00m
[1;32m    197[0m [38;5;124;03mthe same content as the original iterable[39;00m
[1;32m    198[0m [38;5;124;03m"""[39;00m
[1;32m    199[0m gen [38;5;241m=[39m [38;5;28miter[39m(iterable)
[0;32m--> 200[0m peek [38;5;241m=[39m [38;5;28;43mnext[39;49m[43m([49m[43mgen[49m[43m)[49m
[1;32m    201[0m [38;5;28;01mreturn[39;00m peek, itertools[38;5;241m.[39mchain([peek], gen)

File [0;32m/opt/hostedtoolcache/Python/3.11.10/x64/lib/python3.11/site-packages/atlite/datasets/era5.py:453[0m, in [0;36mget_data.<locals>.retrieve_once[0;34m(time)[0m
[1;32m    452[0m [38;5;28;01mdef[39;00m [38;5;21mretrieve_once[39m(time):
[0;32m--> 453[0m     ds [38;5;241m=[39m [43mfunc[49m[43m([49m[43m{[49m[38;5;241;43m*[39;49m[38;5;241;43m*[39;49m[43mretrieval_params[49m[43m,[49m[43m [49m[38;5;241;43m*[39;49m[38;5;241;43m*[39;49m[43mtime[49m[43m}[49m[43m)[49m
[1;32m    454[0m     [38;5;28;01mif[39;00m sanitize [38;5;129;01mand[39;00m sanitize_func [38;5;129;01mis[39;00m [38;5;129;01mnot[39;00m [38;5;28;01mNone[39;00m:
[1;32m    455[0m         ds [38;5;241m=[39m sanitize_func(ds)

File [0;32m/opt/hostedtoolcache/Python/3.11.10/x64/lib/python3.11/site-packages/atlite/datasets/era5.py:218[0m, in [0;36mget_data_temperature[0;34m(retrieval_params)[0m
[1;32m    214[0m [38;5;28;01mdef[39;00m [38;5;21mget_data_temperature[39m(retrieval_params):
[1;32m    215[0m [38;5;250m    [39m[38;5;124;03m"""[39;00m
[1;32m    216[0m [38;5;124;03m    Get wind temperature for given retrieval parameters.[39;00m
[1;32m    217[0m [38;5;124;03m    """[39;00m
[0;32m--> 218[0m     ds [38;5;241m=[39m [43mretrieve_data[49m[43m([49m
[1;32m    219[0m [43m        [49m[43mvariable[49m[38;5;241;43m=[39;49m[43m[[49m
[1;32m    220[0m [43m            [49m[38;5;124;43m"[39;49m[38;5;124;43m2m_temperature[39;49m[38;5;124;43m"[39;49m[43m,[49m
[1;32m    221[0m [43m            [49m[38;5;124;43m"[39;49m[38;5;124;43msoil_temperature_level_4[39;49m[38;5;124;43m"[39;49m[43m,[49m
[1;32m    222[0m [43m            [49m[38;5;124;43m"[39;49m[38;5;124;43m2m_dewpoint_temperature[39;49m[38;5;124;43m"[39;49m[43m,[49m
[1;32m    223[0m [43m        [49m[43m][49m[43m,[49m
[1;32m    224[0m [43m        [49m[38;5;241;43m*[39;49m[38;5;241;43m*[39;49m[43mretrieval_params[49m[43m,[49m
[1;32m    225[0m [43m    [49m[43m)[49m
[1;32m    227[0m     ds [38;5;241m=[39m _rename_and_clean_coords(ds)
[1;32m    228[0m     ds [38;5;241m=[39m ds[38;5;241m.[39mrename(
[1;32m    229[0m         {
[1;32m    230[0m             [38;5;124m"[39m[38;5;124mt2m[39m[38;5;124m"[39m: [38;5;124m"[39m[38;5;124mtemperature[39m[38;5;124m"[39m,
[0;32m   (...)[0m
[1;32m    233[0m         }
[1;32m    234[0m     )

File [0;32m/opt/hostedtoolcache/Python/3.11.10/x64/lib/python3.11/site-packages/atlite/datasets/era5.py:359[0m, in [0;36mretrieve_data[0;34m(product, chunks, tmpdir, lock, **updates)[0m
[1;32m    353[0m request[38;5;241m.[39mupdate(updates)
[1;32m    355[0m [38;5;28;01massert[39;00m {[38;5;124m"[39m[38;5;124myear[39m[38;5;124m"[39m, [38;5;124m"[39m[38;5;124mmonth[39m[38;5;124m"[39m, [38;5;124m"[39m[38;5;124mvariable[39m[38;5;124m"[39m}[38;5;241m.[39missubset(
[1;32m    356[0m     request
[1;32m    357[0m ), [38;5;124m"[39m[38;5;124mNeed to specify at least [39m[38;5;124m'[39m[38;5;124mvariable[39m[38;5;124m'[39m[38;5;124m, [39m[38;5;124m'[39m[38;5;124myear[39m[38;5;124m'[39m[38;5;124m and [39m[38;5;124m'[39m[38;5;124mmonth[39m[38;5;124m'[39m[38;5;124m"[39m
[0;32m--> 359[0m client [38;5;241m=[39m [43mcdsapi[49m[38;5;241;43m.[39;49m[43mClient[49m[43m([49m
[1;32m    360[0m [43m    [49m[43minfo_callback[49m[38;5;241;43m=[39;49m[43mlogger[49m[38;5;241;43m.[39;49m[43mdebug[49m[43m,[49m[43m [49m[43mdebug[49m[38;5;241;43m=[39;49m[43mlogging[49m[38;5;241;43m.[39;49m[43mDEBUG[49m[43m [49m[38;5;241;43m>[39;49m[38;5;241;43m=[39;49m[43m [49m[43mlogging[49m[38;5;241;43m.[39;49m[43mroot[49m[38;5;241;43m.[39;49m[43mlevel[49m
[1;32m    361[0m [43m[49m[43m)[49m
[1;32m    362[0m result [38;5;241m=[39m client[38;5;241m.[39mretrieve(product, request)
[1;32m    364[0m [38;5;28;01mif[39;00m lock [38;5;129;01mis[39;00m [38;5;28;01mNone[39;00m:

File [0;32m/opt/hostedtoolcache/Python/3.11.10/x64/lib/python3.11/site-packages/cdsapi/api.py:281[0m, in [0;36mClient.__new__[0;34m(cls, url, key, *args, **kwargs)[0m
[1;32m    280[0m [38;5;28;01mdef[39;00m [38;5;21m__new__[39m([38;5;28mcls[39m, url[38;5;241m=[39m[38;5;28;01mNone[39;00m, key[38;5;241m=[39m[38;5;28;01mNone[39;00m, [38;5;241m*[39margs, [38;5;241m*[39m[38;5;241m*[39mkwargs):
[0;32m--> 281[0m     _, token, _ [38;5;241m=[39m [43mget_url_key_verify[49m[43m([49m[43murl[49m[43m,[49m[43m [49m[43mkey[49m[43m,[49m[43m [49m[38;5;28;43;01mNone[39;49;00m[43m)[49m
[1;32m    282[0m     [38;5;28;01mif[39;00m [38;5;124m"[39m[38;5;124m:[39m[38;5;124m"[39m [38;5;129;01min[39;00m token:
[1;32m    283[0m         [38;5;28;01mreturn[39;00m [38;5;28msuper[39m()[38;5;241m.[39m[38;5;21m__new__[39m([38;5;28mcls[39m)

File [0;32m/opt/hostedtoolcache/Python/3.11.10/x64/lib/python3.11/site-packages/cdsapi/api.py:69[0m, in [0;36mget_url_key_verify[0;34m(url, key, verify)[0m
[1;32m     66[0m             verify [38;5;241m=[39m [38;5;28mbool[39m([38;5;28mint[39m(config[38;5;241m.[39mget([38;5;124m"[39m[38;5;124mverify[39m[38;5;124m"[39m, [38;5;241m1[39m)))
[1;32m     68[0m [38;5;28;01mif[39;00m url [38;5;129;01mis[39;00m [38;5;28;01mNone[39;00m [38;5;129;01mor[39;00m key [38;5;129;01mis[39;00m [38;5;28;01mNone[39;00m [38;5;129;01mor[39;00m key [38;5;129;01mis[39;00m [38;5;28;01mNone[39;00m:
[0;32m---> 69[0m     [38;5;28;01mraise[39;00m [38;5;167;01mException[39;00m([38;5;124m"[39m[38;5;124mMissing/incomplete configuration file: [39m[38;5;132;01m%s[39;00m[38;5;124m"[39m [38;5;241m%[39m (dotrc))
[1;32m     71[0m [38;5;66;03m# If verify is still None, then we set to default value of True[39;00m
[1;32m     72[0m [38;5;28;01mif[39;00m verify [38;5;129;01mis[39;00m [38;5;28;01mNone[39;00m:

[0;31mException[0m: Missing/incomplete configuration file: /home/runner/.cdsapirc

