Traceback (most recent call last):
  File "/opt/hostedtoolcache/Python/3.11.10/x64/lib/python3.11/site-packages/jupyter_cache/executors/utils.py", line 58, in single_nb_execution
    executenb(
  File "/opt/hostedtoolcache/Python/3.11.10/x64/lib/python3.11/site-packages/nbclient/client.py", line 1314, in execute
    return NotebookClient(nb=nb, resources=resources, km=km, **kwargs).execute()
           ^^^^^^^^^^^^^^^^^^^^^^^^^^^^^^^^^^^^^^^^^^^^^^^^^^^^^^^^^^^^^^^^^^^^^
  File "/opt/hostedtoolcache/Python/3.11.10/x64/lib/python3.11/site-packages/jupyter_core/utils/__init__.py", line 165, in wrapped
    return loop.run_until_complete(inner)
           ^^^^^^^^^^^^^^^^^^^^^^^^^^^^^^
  File "/opt/hostedtoolcache/Python/3.11.10/x64/lib/python3.11/asyncio/base_events.py", line 654, in run_until_complete
    return future.result()
           ^^^^^^^^^^^^^^^
  File "/opt/hostedtoolcache/Python/3.11.10/x64/lib/python3.11/site-packages/nbclient/client.py", line 709, in async_execute
    await self.async_execute_cell(
  File "/opt/hostedtoolcache/Python/3.11.10/x64/lib/python3.11/site-packages/nbclient/client.py", line 1062, in async_execute_cell
    await self._check_raise_for_error(cell, cell_index, exec_reply)
  File "/opt/hostedtoolcache/Python/3.11.10/x64/lib/python3.11/site-packages/nbclient/client.py", line 918, in _check_raise_for_error
    raise CellExecutionError.from_cell_and_msg(cell, exec_reply_content)
nbclient.exceptions.CellExecutionError: An error occurred while executing the following cell:
------------------
n.add(
    "Store",
    "EV DSM",
    bus="EV",
    carrier="EV battery",
    e_cyclic=True,  # state of charge at beginning = state of charge at the end
    e_nom=e_nom,
    e_min_pu=dsm_profile,
)
------------------


[0;31m---------------------------------------------------------------------------[0m
[0;31mValueError[0m                                Traceback (most recent call last)
Cell [0;32mIn[45], line 1[0m
[0;32m----> 1[0m [43mn[49m[38;5;241;43m.[39;49m[43madd[49m[43m([49m
[1;32m      2[0m [43m    [49m[38;5;124;43m"[39;49m[38;5;124;43mStore[39;49m[38;5;124;43m"[39;49m[43m,[49m
[1;32m      3[0m [43m    [49m[38;5;124;43m"[39;49m[38;5;124;43mEV DSM[39;49m[38;5;124;43m"[39;49m[43m,[49m
[1;32m      4[0m [43m    [49m[43mbus[49m[38;5;241;43m=[39;49m[38;5;124;43m"[39;49m[38;5;124;43mEV[39;49m[38;5;124;43m"[39;49m[43m,[49m
[1;32m      5[0m [43m    [49m[43mcarrier[49m[38;5;241;43m=[39;49m[38;5;124;43m"[39;49m[38;5;124;43mEV battery[39;49m[38;5;124;43m"[39;49m[43m,[49m
[1;32m      6[0m [43m    [49m[43me_cyclic[49m[38;5;241;43m=[39;49m[38;5;28;43;01mTrue[39;49;00m[43m,[49m[43m  [49m[38;5;66;43;03m# state of charge at beginning = state of charge at the end[39;49;00m
[1;32m      7[0m [43m    [49m[43me_nom[49m[38;5;241;43m=[39;49m[43me_nom[49m[43m,[49m
[1;32m      8[0m [43m    [49m[43me_min_pu[49m[38;5;241;43m=[39;49m[43mdsm_profile[49m[43m,[49m
[1;32m      9[0m [43m)[49m

File [0;32m/opt/hostedtoolcache/Python/3.11.10/x64/lib/python3.11/site-packages/pypsa/components.py:986[0m, in [0;36mNetwork.add[0;34m(self, class_name, name, suffix, overwrite, **kwargs)[0m
[1;32m    984[0m [38;5;28;01mif[39;00m [38;5;28misinstance[39m(v, pd[38;5;241m.[39mSeries) [38;5;129;01mand[39;00m single_component:
[1;32m    985[0m     [38;5;28;01mif[39;00m [38;5;129;01mnot[39;00m v[38;5;241m.[39mindex[38;5;241m.[39mequals([38;5;28mself[39m[38;5;241m.[39msnapshots):
[0;32m--> 986[0m         [38;5;28;01mraise[39;00m [38;5;167;01mValueError[39;00m(msg[38;5;241m.[39mformat([38;5;124mf[39m[38;5;124m"[39m[38;5;124mSeries [39m[38;5;132;01m{[39;00mk[38;5;132;01m}[39;00m[38;5;124m"[39m, [38;5;124m"[39m[38;5;124mnetwork snapshots[39m[38;5;124m"[39m))
[1;32m    987[0m [38;5;28;01melif[39;00m [38;5;28misinstance[39m(v, pd[38;5;241m.[39mSeries):
[1;32m    988[0m     [38;5;66;03m# Cast names index to string + suffix[39;00m
[1;32m    989[0m     v [38;5;241m=[39m v[38;5;241m.[39mrename(
[1;32m    990[0m         index[38;5;241m=[39m[38;5;28;01mlambda[39;00m s: [38;5;28mstr[39m(s) [38;5;28;01mif[39;00m [38;5;28mstr[39m(s)[38;5;241m.[39mendswith(suffix) [38;5;28;01melse[39;00m s [38;5;241m+[39m suffix
[1;32m    991[0m     )

[0;31mValueError[0m: Series e_min_pu has an index which does not align with the passed network snapshots.

